2026-07-16 14:40:32,603 - [INFO] - ==================== START LOGGING ====================
2026-07-16 14:40:32,604 - [INFO] - ====== WebDriver manager ======
2026-07-16 14:40:32,700 - [INFO] - Driver [/home/admin123/.wdm/drivers/chromedriver/linux64/146.0.7680.165/chromedriver-linux64/chromedriver] found in cache by browser version
2026-07-16 14:40:37,286 - [INFO] - Đang mở trang web: https://vbpl.vn/
2026-07-16 14:40:37,511 - [INFO] - Trang web đã tải xong.
2026-07-16 14:43:39,828 - [INFO] - ==================== START LOGGING ====================
2026-07-16 14:43:39,829 - [INFO] - ====== WebDriver manager ======
2026-07-16 14:43:39,926 - [INFO] - Driver [/home/admin123/.wdm/drivers/chromedriver/linux64/146.0.7680.165/chromedriver-linux64/chromedriver] found in cache by browser version
2026-07-16 14:43:42,438 - [INFO] - Đang mở trang web: https://vbpl.vn/
2026-07-16 14:43:45,130 - [INFO] - Trang web đã tải xong.2026-07-16 14:46:47,715 - [INFO] - ==================== START LOGGING ====================
2026-07-16 14:46:47,717 - [INFO] - ====== WebDriver manager ======
2026-07-16 14:46:47,890 - [INFO] - Driver [/home/admin123/.wdm/drivers/chromedriver/linux64/146.0.7680.165/chromedriver-linux64/chromedriver] found in cache by browser version
2026-07-16 14:46:52,184 - [INFO] - Đang mở trang web: https://vbpl.vn/
2026-07-16 14:46:52,787 - [INFO] - Trang web đã tải xong.
2026-07-16 14:46:54,020 - [INFO] - Đang tìm kiếm từ khóa: an ninh mạng
2026-07-16 14:46:59,022 - [INFO] - Kết quả tìm kiếm đã tải xong.

2026-07-16 15:18:18,299 - [INFO] - ==================== START LOGGING ====================
2026-07-16 15:18:18,300 - [INFO] - ====== WebDriver manager ======
2026-07-16 15:18:18,369 - [INFO] - Driver [/home/admin123/.wdm/drivers/chromedriver/linux64/146.0.7680.165/chromedriver-linux64/chromedriver] found in cache by browser version
2026-07-16 15:18:22,154 - [INFO] - Đang mở trang web: https://vbpl.vn/
2026-07-16 15:18:23,229 - [INFO] - Trang web đã tải xong.
2026-07-16 15:18:24,080 - [INFO] - Đang tìm kiếm từ khóa: an ninh mạng
2026-07-16 15:18:29,081 - [INFO] - Kết quả tìm kiếm đã tải xong.
2026-07-16 15:18:30,487 - [INFO] - Đã chọn tiêu chí 'Chính xác cụm từ trên'.
2026-07-16 15:18:31,049 - [INFO] - Đã click vào nút 'Tìm kiếm nâng cao'.
2026-07-16 15:18:32,253 - [INFO] - Đã click vào dropdown 'Tình trạng hiệu lực'.
2026-07-16 15:18:33,109 - [INFO] - Đã chọn 'Còn hiệu lực' trong dropdown 'Tình trạng hiệu lực'.
2026-07-16 15:18:33,584 - [INFO] - Đã click vào nút 'Tìm kiếm' trong tìm kiếm nâng cao.
2026-07-16 16:51:34,824 - [INFO] - ====== WebDriver manager ======
2026-07-16 16:51:34,922 - [INFO] - Driver [/home/admin123/.wdm/drivers/chromedriver/linux64/146.0.7680.165/chromedriver-linux64/chromedriver] found in cache by browser version
2026-07-16 16:51:38,689 - [INFO] - Đang mở trang web: https://vbpl.vn/
2026-07-16 16:51:39,339 - [INFO] - Trang web đã tải xong.
2026-07-16 16:51:40,079 - [INFO] - Đang tìm kiếm từ khóa: an ninh mạng
2026-07-16 16:51:45,079 - [INFO] - Kết quả tìm kiếm đã tải xong.
2026-07-16 16:51:46,576 - [INFO] - Đã chọn tiêu chí 'Chính xác cụm từ trên'.
2026-07-16 16:51:47,208 - [INFO] - Đã click vào nút 'Tìm kiếm nâng cao'.
2026-07-16 16:51:47,979 - [INFO] - Đã click vào dropdown 'Tình trạng hiệu lực'.
2026-07-16 16:51:48,773 - [INFO] - Đã chọn 'Còn hiệu lực' trong dropdown 'Tình trạng hiệu lực'.
2026-07-16 16:51:49,145 - [INFO] - Đã click vào nút 'Tìm kiếm' trong tìm kiếm nâng cao.
2026-07-16 16:51:54,293 - [INFO] - Đang tải xuống tài liệu: LUẬT AN NINH MẠNG SỐ 116/2025/QH15
2026-07-16 16:51:55,179 - [INFO] - URL của tài liệu PDF: https://vbpl.vn/van-ban/chi-tiet/luat-an-ninh-mang-so-116-2025-qh15--187039?tabs=hien-thi-pdf
2026-07-16 16:52:02,191 - [INFO] - Đang tải xuống tài liệu: Luật An ninh mạng số 24/2018/QH14
2026-07-16 16:52:03,073 - [INFO] - URL của tài liệu PDF: https://vbpl.vn/van-ban/chi-tiet/luat-an-ninh-mang-so-24-2018-qh14--132957?tabs=hien-thi-pdf
2026-07-16 16:52:09,290 - [INFO] - Đang tải xuống tài liệu: Nghị định số 179/2025/NĐ-CP Quy định về mức hỗ trợ đối với người làm công tác chuyên trách về chuyển đổi số, an toàn thông tin mạng, an ninh mạng
2026-07-16 16:52:10,298 - [INFO] - URL của tài liệu PDF: https://vbpl.vn/van-ban/chi-tiet/nghi-dinh-so-179-2025-nd-cp-quy-dinh-ve-muc-ho-tro-doi-voi-nguoi-lam-cong-tac-chuyen-trach-ve-chuyen-doi-so-an-toan-thong-tin-mang-an-ninh-mang--179123?tabs=hien-thi-pdf
2026-07-16 16:52:17,015 - [INFO] - Đang tải xuống tài liệu: Nghị định số 53/2022/NĐ-CP Quy định chi tiết một số điều của Luật An ninh mạng
2026-07-16 16:52:17,992 - [INFO] - URL của tài liệu PDF: https://vbpl.vn/van-ban/chi-tiet/nghi-dinh-so-53-2022-nd-cp-quy-dinh-chi-tiet-mot-so-dieu-cua-luat-an-ninh-mang--180306?tabs=hien-thi-pdf
2026-07-16 16:52:24,788 - [INFO] - Đang tải xuống tài liệu: Thông tư 48/2026/TT-BCA Ban hành Quy chuẩn kỹ thuật quốc gia về thiết bị camera giám sát sử dụng giao thức Internet - Các yêu cầu an ninh mạng cơ bản
2026-07-16 16:52:25,657 - [INFO] - URL của tài liệu PDF: https://vbpl.vn/van-ban/chi-tiet/thong-tu-48-2026-tt-bca-ban-hanh-quy-chuan-ky-thuat-quoc-gia-ve-thiet-bi-camera-giam-sat-su-dung-giao-thuc-internet-cac-yeu-cau-an-ninh-mang-co-ban--9048b740-541f-11f1-b175-1fe27ccb5c48?tabs=hien-thi-pdf
2026-07-16 16:52:32,393 - [INFO] - Đang tải xuống tài liệu: Thông tư 47/2026/TT-BCA Ban hành Quy chuẩn kỹ thuật quốc gia về an ninh mạng cho hệ thống thông tin lưu trữ tài liệu điện tử trong các cơ quan Đảng, Nhà nước
2026-07-16 16:52:33,246 - [INFO] - URL của tài liệu PDF: https://vbpl.vn/van-ban/chi-tiet/thong-tu-47-2026-tt-bca-ban-hanh-quy-chuan-ky-thuat-quoc-gia-ve-an-ninh-mang-cho-he-thong-thong-tin-luu-tru-tai-lieu-dien-tu-trong-cac-co-quan-dang-nha-nuoc--03658420-541f-11f1-86b5-0754077bcc19?tabs=hien-thi-pdf
2026-07-16 16:52:39,978 - [INFO] - Đang tải xuống tài liệu: Quyết định Ban hành Quy định bảo đảm an ninh mạng trong hoạt động ứng dụng công nghệ thông tin của cơ quan nhà nước trên địa bàn tỉnh Thái Nguyên
2026-07-16 16:52:40,858 - [INFO] - URL của tài liệu PDF: https://vbpl.vn/van-ban/chi-tiet/quyet-dinh-ban-hanh-quy-dinh-bao-dam-an-ninh-mang-trong-hoat-dong-ung-dung-cong-nghe-thong-tin-cua-co-quan-nha-nuoc-tren-dia-ban-tinh-thai-nguyen--d213b820-64b2-11f1-9229-8545036e24d5?tabs=hien-thi-pdf
2026-07-16 16:52:47,639 - [INFO] - Đang tải xuống tài liệu: Quyết định Ban hành Quy chế quản lý, khai thác, sử dụng và bảo vệ an ninh mạng đối với hệ thống thông tin của các cơ quan nhà nước trên địa bàn tỉnh Quảng Ninh
2026-07-16 16:52:48,602 - [INFO] - URL của tài liệu PDF: https://vbpl.vn/van-ban/chi-tiet/quyet-dinh-ban-hanh-quy-che-quan-ly-khai-thac-su-dung-va-bao-ve-an-ninh-mang-doi-voi-he-thong-thong-tin-cua-cac-co-quan-nha-nuoc-tren-dia-ban-tinh-quang-ninh--57a26380-5ef3-11f1-9536-4b681a0861c0?tabs=hien-thi-pdf
2026-07-16 16:52:54,910 - [INFO] - Đang tải xuống tài liệu: Quyết định số 11/2026/QĐ-UBND Ban hành Quy chế bảo đảm an ninh mạng, an toàn thông tin trên địa bàn tỉnh Khánh Hòa
2026-07-16 16:52:55,973 - [INFO] - URL của tài liệu PDF: https://vbpl.vn/van-ban/chi-tiet/quyet-dinh-so-11-2026-qd-ubnd-ban-hanh-quy-che-bao-dam-an-ninh-mang-an-toan-thong-tin-tren-dia-ban-tinh-khanh-hoa--186743?tabs=hien-thi-pdf
2026-07-16 16:53:02,712 - [INFO] - Đang tải xuống tài liệu: Quyết định số 02/2026/QĐ-UBND Ban hành Quy chế bảo đảm an toàn thông tin, an ninh mạng trong hoạt động ứng dụng công nghệ thông tin của các cơ quan nhà nước trên địa bàn tỉnh Gia Lai
2026-07-16 16:53:03,573 - [INFO] - URL của tài liệu PDF: https://vbpl.vn/van-ban/chi-tiet/quyet-dinh-so-02-2026-qd-ubnd-ban-hanh-quy-che-bao-dam-an-toan-thong-tin-an-ninh-mang-trong-hoat-dong-ung-dung-cong-nghe-thong-tin-cua-cac-co-quan-nha-nuoc-tren-dia-ban-tinh-gia-lai--186012?tabs=hien-thi-pdf
2026-07-16 16:53:11,183 - [INFO] - Đã sang trang tiếp theo!
2026-07-16 16:53:16,662 - [INFO] - Đang tải xuống tài liệu: Quyết định số 40/2025/QĐ-UBND Ban hành Quy chế bảo đảm an ninh mạng, an toàn thông tin trên địa bàn tỉnh Bắc Ninh
2026-07-16 16:53:17,605 - [INFO] - URL của tài liệu PDF: https://vbpl.vn/van-ban/chi-tiet/quyet-dinh-so-40-2025-qd-ubnd-ban-hanh-quy-che-bao-dam-an-ninh-mang-an-toan-thong-tin-tren-dia-ban-tinh-bac-ninh--182958?tabs=hien-thi-pdf
2026-07-16 16:53:25,074 - [INFO] - Đang tải xuống tài liệu: Quyết định số 10/2025/QĐ-UBND Ban hành Quy chế bảo đảm an toàn thông tin, an ninh mạng trong hoạt động ứng dụng công nghệ thông tin của các cơ quan nhà nước trên địa bàn tỉnh Phú Yên
2026-07-16 16:53:26,201 - [INFO] - URL của tài liệu PDF: https://vbpl.vn/van-ban/chi-tiet/quyet-dinh-so-10-2025-qd-ubnd-ban-hanh-quy-che-bao-dam-an-toan-thong-tin-an-ninh-mang-trong-hoat-dong-ung-dung-cong-nghe-thong-tin-cua-cac-co-quan-nha-nuoc-tren-dia-ban-tinh-phu-yen--175078?tabs=hien-thi-pdf
2026-07-16 16:53:32,633 - [INFO] - Đang tải xuống tài liệu: Quyết định số 48/2024/QĐ-UBND Ban hành Quy chế Phối hợp trong công tác bảo đảm an ninh an toàn hệ thống mạng thông tin và thông tin quan trọng cần ưu tiên bảo đảm của tỉnh Bắc Giang
2026-07-16 16:53:33,633 - [INFO] - URL của tài liệu PDF: https://vbpl.vn/van-ban/chi-tiet/quyet-dinh-so-48-2024-qd-ubnd-ban-hanh-quy-che-phoi-hop-trong-cong-tac-bao-dam-an-ninh-an-toan-he-thong-mang-thong-tin-va-thong-tin-quan-trong-can-uu-tien-bao-dam-an-ninh-mang-cua-tinh-bac-giang--173939?tabs=hien-thi-pdf
2026-07-16 16:53:40,248 - [INFO] - Đang tải xuống tài liệu: Quyết định số 33/2023/QĐ-UBND Ban hành Quy chế Quản lý, khai thác và vận hành Trung tâm Giám sát An ninh mạng (SOC)tỉnh Bến Tre
2026-07-16 16:53:41,171 - [INFO] - URL của tài liệu PDF: https://vbpl.vn/van-ban/chi-tiet/quyet-dinh-so-33-2023-qd-ubnd-ban-hanh-quy-che-quan-ly-khai-thac-va-van-hanh-trung-tam-giam-sat-an-ninh-mang-soc-tinh-ben-tre--162135?tabs=hien-thi-pdf
2026-07-16 16:53:47,698 - [INFO] - Đang tải xuống tài liệu: Nghị quyết số 41/2026/NQ-HĐND Quy định về chế độ hỗ trợ đối với người làm công tác về chuyển đổi số, an toàn thông tin mạng, an ninh mạng trên địa bàn tỉnh Tây Ninh
2026-07-16 16:53:48,499 - [INFO] - URL của tài liệu PDF: https://vbpl.vn/van-ban/chi-tiet/nghi-quyet-so-41-2026-nq-hdnd-quy-dinh-ve-che-do-ho-tro-doi-voi-nguoi-lam-cong-tac-ve-chuyen-doi-so-an-toan-thong-tin-mang-an-ninh-mang-tren-dia-ban-tinh-tay-ninh--33b18fd0-7697-11f1-b522-31a8799843c6?tabs=hien-thi-pdf
2026-07-16 16:53:55,172 - [INFO] - Đang tải xuống tài liệu: Nghị quyết số 773/2025/NQ-HĐND Quy định một số chính sách ưu đãi và hỗ trợ đầu tư vào lĩnh vực chuyển đổi số, an ninh mạng, bán dẫn, linh kiện điện tử, xây dựng phòng thí nghiệm, trung tâm đổi mới sáng tạo trên địa bàn tỉnh Hưng Yên giai đoạn từ năm 2025 đến năm 2030
2026-07-16 16:53:56,090 - [INFO] - URL của tài liệu PDF: https://vbpl.vn/van-ban/chi-tiet/nghi-quyet-so-773-2025-nq-hdnd-quy-dinh-mot-so-chinh-sach-uu-dai-va-ho-tro-dau-tu-vao-linh-vuc-chuyen-doi-so-an-ninh-mang-ban-dan-linh-kien-dien-tu-xay-dung-phong-thi-nghiem-trung-tam-doi-moi-sang-tao-tren-dia-ban-tinh-hung-yen-giai-doan-tu-nam-2025-den-nam-2030--184198?tabs=hien-thi-pdf
2026-07-16 16:54:02,928 - [INFO] - Đang tải xuống tài liệu: Chỉ thị số 24/2003/CT-UB Tăng cường công tác bảo vệ an toàn, an ninh mạng lưới bưu chính viễn thông trên địa bàn tỉnh Lâm Đồng
2026-07-16 16:54:03,875 - [INFO] - URL của tài liệu PDF: https://vbpl.vn/van-ban/chi-tiet/chi-thi-so-24-2003-ct-ub-tang-cuong-cong-tac-bao-ve-an-toan-an-ninh-mang-luoi-buu-chinh-vien-thong-tren-dia-ban-tinh-lam-dong--74834?tabs=hien-thi-pdf
2026-07-16 22:13:56,641 - [INFO] - Đang tải xuống tài liệu: Thông tư 47/2026/TT-BCA Ban hành Quy chuẩn kỹ thuật quốc gia về an ninh mạng cho hệ thống thông tin lưu trữ tài liệu điện tử trong các cơ quan Đảng, Nhà nước
2026-07-16 22:13:57,571 - [INFO] - Link tài liệu: https://vbpl.vn/van-ban/chi-tiet/thong-tu-47-2026-tt-bca-ban-hanh-quy-chuan-ky-thuat-quoc-gia-ve-an-ninh-mang-cho-he-thong-thong-tin-luu-tru-tai-lieu-dien-tu-trong-cac-co-quan-dang-nha-nuoc--03658420-541f-11f1-86b5-0754077bcc19?tabs=hien-thi-pdf
2026-07-16 22:14:04,048 - [INFO] - Đang tải xuống tài liệu: Thông tư 48/2026/TT-BCA Ban hành Quy chuẩn kỹ thuật quốc gia về thiết bị camera giám sát sử dụng giao thức Internet - Các yêu cầu an ninh mạng cơ bản
2026-07-16 22:14:05,788 - [INFO] - Link tài liệu: https://vbpl.vn/van-ban/chi-tiet/thong-tu-48-2026-tt-bca-ban-hanh-quy-chuan-ky-thuat-quoc-gia-ve-thiet-bi-camera-giam-sat-su-dung-giao-thuc-internet-cac-yeu-cau-an-ninh-mang-co-ban--9048b740-541f-11f1-b175-1fe27ccb5c48?tabs=hien-thi-pdf
2026-07-16 22:14:12,841 - [INFO] - Đang tải xuống tài liệu: Quyết định Ban hành Quy định bảo đảm an ninh mạng trong hoạt động ứng dụng công nghệ thông tin của cơ quan nhà nước trên địa bàn tỉnh Thái Nguyên
2026-07-16 22:14:14,576 - [INFO] - Link tài liệu: https://vbpl.vn/van-ban/chi-tiet/quyet-dinh-ban-hanh-quy-dinh-bao-dam-an-ninh-mang-trong-hoat-dong-ung-dung-cong-nghe-thong-tin-cua-co-quan-nha-nuoc-tren-dia-ban-tinh-thai-nguyen--d213b820-64b2-11f1-9229-8545036e24d5?tabs=hien-thi-pdf
2026-07-16 22:14:20,842 - [INFO] - Đang tải xuống tài liệu: Quyết định Ban hành Quy chế quản lý, khai thác, sử dụng và bảo vệ an ninh mạng đối với hệ thống thông tin của các cơ quan nhà nước trên địa bàn tỉnh Quảng Ninh
2026-07-16 22:14:26,374 - [INFO] - Link tài liệu: https://vbpl.vn/van-ban/chi-tiet/quyet-dinh-ban-hanh-quy-che-quan-ly-khai-thac-su-dung-va-bao-ve-an-ninh-mang-doi-voi-he-thong-thong-tin-cua-cac-co-quan-nha-nuoc-tren-dia-ban-tinh-quang-ninh--57a26380-5ef3-11f1-9536-4b681a0861c0?tabs=hien-thi-pdf
2026-07-16 22:14:33,684 - [INFO] - Đang tải xuống tài liệu: Quyết định số 11/2026/QĐ-UBND Ban hành Quy chế bảo đảm an ninh mạng, an toàn thông tin trên địa bàn tỉnh Khánh Hòa
2026-07-16 22:14:34,853 - [INFO] - Link tài liệu: https://vbpl.vn/van-ban/chi-tiet/quyet-dinh-so-11-2026-qd-ubnd-ban-hanh-quy-che-bao-dam-an-ninh-mang-an-toan-thong-tin-tren-dia-ban-tinh-khanh-hoa--186743?tabs=hien-thi-pdf
2026-07-16 22:14:41,876 - [INFO] - Đang tải xuống tài liệu: Quyết định số 02/2026/QĐ-UBND Ban hành Quy chế bảo đảm an toàn thông tin, an ninh mạng trong hoạt động ứng dụng công nghệ thông tin của các cơ quan nhà nước trên địa bàn tỉnh Gia Lai
2026-07-16 22:14:43,077 - [INFO] - Link tài liệu: https://vbpl.vn/van-ban/chi-tiet/quyet-dinh-so-02-2026-qd-ubnd-ban-hanh-quy-che-bao-dam-an-toan-thong-tin-an-ninh-mang-trong-hoat-dong-ung-dung-cong-nghe-thong-tin-cua-cac-co-quan-nha-nuoc-tren-dia-ban-tinh-gia-lai--186012?tabs=hien-thi-pdf
2026-07-16 22:14:50,245 - [INFO] - Đã sang trang tiếp theo!
2026-07-16 22:14:56,109 - [INFO] - Số lượng tài liệu trên trang hiện tại: 7
2026-07-16 22:14:56,750 - [INFO] - Tổng số tài liệu tìm thấy trên trang hiện tại: 7
2026-07-16 22:14:56,774 - [INFO] - Đang tải xuống tài liệu: Quyết định số 40/2025/QĐ-UBND Ban hành Quy chế bảo đảm an ninh mạng, an toàn thông tin trên địa bàn tỉnh Bắc Ninh
2026-07-16 22:15:02,764 - [INFO] - Link tài liệu: https://vbpl.vn/van-ban/chi-tiet/quyet-dinh-so-40-2025-qd-ubnd-ban-hanh-quy-che-bao-dam-an-ninh-mang-an-toan-thong-tin-tren-dia-ban-tinh-bac-ninh--182958?tabs=hien-thi-pdf
2026-07-16 22:15:14,928 - [INFO] - Đang tải xuống tài liệu: Quyết định số 10/2025/QĐ-UBND Ban hành Quy chế bảo đảm an toàn thông tin, an ninh mạng trong hoạt động ứng dụng công nghệ thông tin của các cơ quan nhà nước trên địa bàn tỉnh Phú Yên
2026-07-16 22:15:16,074 - [INFO] - Link tài liệu: https://vbpl.vn/van-ban/chi-tiet/quyet-dinh-so-10-2025-qd-ubnd-ban-hanh-quy-che-bao-dam-an-toan-thong-tin-an-ninh-mang-trong-hoat-dong-ung-dung-cong-nghe-thong-tin-cua-cac-co-quan-nha-nuoc-tren-dia-ban-tinh-phu-yen--175078?tabs=hien-thi-pdf
2026-07-16 22:15:22,372 - [INFO] - Đang tải xuống tài liệu: Quyết định số 48/2024/QĐ-UBND Ban hành Quy chế Phối hợp trong công tác bảo đảm an ninh an toàn hệ thống mạng thông tin và thông tin quan trọng cần ưu tiên bảo đảm của tỉnh Bắc Giang
2026-07-16 22:15:23,350 - [INFO] - Link tài liệu: https://vbpl.vn/van-ban/chi-tiet/quyet-dinh-so-48-2024-qd-ubnd-ban-hanh-quy-che-phoi-hop-trong-cong-tac-bao-dam-an-ninh-an-toan-he-thong-mang-thong-tin-va-thong-tin-quan-trong-can-uu-tien-bao-dam-an-ninh-mang-cua-tinh-bac-giang--173939?tabs=hien-thi-pdf
2026-07-16 22:15:29,500 - [INFO] - Đang tải xuống tài liệu: Quyết định số 33/2023/QĐ-UBND Ban hành Quy chế Quản lý, khai thác và vận hành Trung tâm Giám sát An ninh mạng (SOC)tỉnh Bến Tre
2026-07-16 22:15:31,835 - [INFO] - Link tài liệu: https://vbpl.vn/van-ban/chi-tiet/quyet-dinh-so-33-2023-qd-ubnd-ban-hanh-quy-che-quan-ly-khai-thac-va-van-hanh-trung-tam-giam-sat-an-ninh-mang-soc-tinh-ben-tre--162135?tabs=hien-thi-pdf
2026-07-16 22:15:37,849 - [INFO] - Đang tải xuống tài liệu: Nghị quyết số 41/2026/NQ-HĐND Quy định về chế độ hỗ trợ đối với người làm công tác về chuyển đổi số, an toàn thông tin mạng, an ninh mạng trên địa bàn tỉnh Tây Ninh
2026-07-16 22:15:38,737 - [INFO] - Link tài liệu: https://vbpl.vn/van-ban/chi-tiet/nghi-quyet-so-41-2026-nq-hdnd-quy-dinh-ve-che-do-ho-tro-doi-voi-nguoi-lam-cong-tac-ve-chuyen-doi-so-an-toan-thong-tin-mang-an-ninh-mang-tren-dia-ban-tinh-tay-ninh--33b18fd0-7697-11f1-b522-31a8799843c6?tabs=hien-thi-pdf
2026-07-16 22:15:44,814 - [INFO] - Đang tải xuống tài liệu: Nghị quyết số 773/2025/NQ-HĐND Quy định một số chính sách ưu đãi và hỗ trợ đầu tư vào lĩnh vực chuyển đổi số, an ninh mạng, bán dẫn, linh kiện điện tử, xây dựng phòng thí nghiệm, trung tâm đổi mới sáng tạo trên địa bàn tỉnh Hưng Yên giai đoạn từ năm 2025 đến năm 2030
2026-07-16 22:15:45,593 - [INFO] - Link tài liệu: https://vbpl.vn/van-ban/chi-tiet/nghi-quyet-so-773-2025-nq-hdnd-quy-dinh-mot-so-chinh-sach-uu-dai-va-ho-tro-dau-tu-vao-linh-vuc-chuyen-doi-so-an-ninh-mang-ban-dan-linh-kien-dien-tu-xay-dung-phong-thi-nghiem-trung-tam-doi-moi-sang-tao-tren-dia-ban-tinh-hung-yen-giai-doan-tu-nam-2025-den-nam-2030--184198?tabs=hien-thi-pdf
2026-07-16 22:15:53,008 - [INFO] - Đang tải xuống tài liệu: Chỉ thị số 24/2003/CT-UB Tăng cường công tác bảo vệ an toàn, an ninh mạng lưới bưu chính viễn thông trên địa bàn tỉnh Lâm Đồng
2026-07-16 22:15:53,750 - [INFO] - Link tài liệu: https://vbpl.vn/van-ban/chi-tiet/chi-thi-so-24-2003-ct-ub-tang-cuong-cong-tac-bao-ve-an-toan-an-ninh-mang-luoi-buu-chinh-vien-thong-tren-dia-ban-tinh-lam-dong--74834?tabs=hien-thi-pdf2026-07-17 09:41:03,246 - [INFO] - ==================== START LOGGING ====================
2026-07-17 09:41:03,247 - [INFO] - Đã lấy tất cả các file từ data/raw - có 14 file tất cả!!
2026-07-17 09:41:03,442 - [INFO] - Đã đọc xong file data/raw/VanBanGoc_02_2026_QD-UBND_08012026-signed_01.pdf
2026-07-17 09:41:03,444 - [INFO] - Đã lưu file: data/processed/VanBanGoc_02_2026_QD-UBND_08012026-signed_01.txt
2026-07-17 09:41:04,964 - [INFO] - Đã đọc xong file /tmp/tmpn5hnzf7m/60.2026.QĐ-UBND.docx
2026-07-17 09:41:04,965 - [INFO] - Đã lưu file: data/processed/60.2026.QĐ-UBND.txt
2026-07-17 09:41:05,075 - [INFO] - Đã đọc xong file data/raw/qd-33-2023.docx
2026-07-17 09:41:05,076 - [INFO] - Đã lưu file: data/processed/qd-33-2023.txt
2026-07-17 09:41:05,099 - [INFO] - Đã đọc xong file data/raw/48.2026.TT.BCA.docx
2026-07-17 09:41:05,100 - [INFO] - Đã lưu file: data/processed/48.2026.TT.BCA.txt
2026-07-17 09:41:05,131 - [INFO] - Đã đọc xong file data/raw/VanBanGoc_773.2025.NQ.HĐND.1.pdf
2026-07-17 09:41:05,133 - [INFO] - Đã lưu file: data/processed/VanBanGoc_773.2025.NQ.HĐND.1.txt
2026-07-17 09:41:07,149 - [INFO] - Đã đọc xong file /tmp/tmpyxrcbag9/24.2018.QH14. Luat An ninh mang.docx
2026-07-17 09:41:07,150 - [INFO] - Đã lưu file: data/processed/24.2018.QH14. Luat An ninh mang.txt
2026-07-17 09:41:07,240 - [INFO] - Đã đọc xong file data/raw/QUYET DINH QUY CHE QUAN LY KHAI THAC AN  NINH MANG (BAN HANH).docx
2026-07-17 09:41:07,240 - [INFO] - Đã lưu file: data/processed/QUYET DINH QUY CHE QUAN LY KHAI THAC AN  NINH MANG (BAN HANH).txt
2026-07-17 09:41:07,306 - [INFO] - Đã đọc xong file data/raw/24. NQ_hỗ trợ người làm công tác chuyển đổi số (trình ký).docx
2026-07-17 09:41:07,306 - [INFO] - Đã lưu file: data/processed/24. NQ_hỗ trợ người làm công tác chuyển đổi số (trình ký).txt
2026-07-17 09:41:08,781 - [INFO] - Đã đọc xong file /tmp/tmp9pji1jbq/179_2025_ND-CP_663165.docx
2026-07-17 09:41:08,782 - [INFO] - Đã lưu file: data/processed/179_2025_ND-CP_663165.txt
2026-07-17 09:41:10,902 - [INFO] - Đã đọc xong file /tmp/tmpigbskcwh/53.2022.ND.CP.docx
2026-07-17 09:41:10,903 - [INFO] - Đã lưu file: data/processed/53.2022.ND.CP.txt
2026-07-17 09:41:11,210 - [INFO] - Đã đọc xong file data/raw/116.2025.QH15.docx
2026-07-17 09:41:11,211 - [INFO] - Đã lưu file: data/processed/116.2025.QH15.txt
2026-07-17 09:41:12,795 - [INFO] - Đã đọc xong file /tmp/tmpvwr9j66z/Chi thi so 24 - 2003 - CT-UB.docx
2026-07-17 09:41:12,800 - [INFO] - Đã lưu file: data/processed/Chi thi so 24 - 2003 - CT-UB.txt
2026-07-17 09:41:13,246 - [INFO] - Đã đọc xong file data/raw/VanBanGoc_QD 40.2025 QC AN NINH MẠNG.pdf
2026-07-17 09:41:13,250 - [INFO] - Đã lưu file: data/processed/VanBanGoc_QD 40.2025 QC AN NINH MẠNG.txt
2026-07-17 09:41:13,531 - [INFO] - Đã đọc xong file data/raw/VanBanGoc_File ky 29 1 QD ban hanh Quy che An ninh mang nxhai 30010844 docx signed.signed.signed.signed.signed.pdf
2026-07-17 09:41:13,533 - [INFO] - Đã lưu file: data/processed/VanBanGoc_File ky 29 1 QD ban hanh Quy che An ninh mang nxhai 30010844 docx signed.signed.signed.signed.signed.txt
2026-07-17 09:41:13,533 - [INFO] - DONE! Đã xử lý 14 file.
2026-07-17 10:55:10,834 - [INFO] - ==================== START LOGGING ====================
2026-07-17 10:55:10,835 - [INFO] - Tìm thấy 14 files từ data/processed!
2026-07-17 10:55:10,847 - [INFO] - processing 116.2025.QH15.txt ...
2026-07-17 10:55:10,867 - [INFO] - Đã lưu xong file data/processed/116.2025.QH15.txt vào data/cleaned!
2026-07-17 10:55:10,867 - [INFO] - processing 179_2025_ND-CP_663165.txt ...
2026-07-17 10:55:10,869 - [INFO] - Đã lưu xong file data/processed/179_2025_ND-CP_663165.txt vào data/cleaned!
2026-07-17 10:55:10,869 - [INFO] - processing 24. NQ_hỗ trợ người làm công tác chuyển đổi số (trình ký).txt ...
2026-07-17 10:55:10,871 - [INFO] - Đã lưu xong file data/processed/24. NQ_hỗ trợ người làm công tác chuyển đổi số (trình ký).txt vào data/cleaned!
2026-07-17 10:55:10,871 - [INFO] - processing 24.2018.QH14. Luat An ninh mang.txt ...
2026-07-17 10:55:10,883 - [INFO] - Đã lưu xong file data/processed/24.2018.QH14. Luat An ninh mang.txt vào data/cleaned!
2026-07-17 10:55:10,883 - [INFO] - processing 48.2026.TT.BCA.txt ...
2026-07-17 10:55:10,884 - [INFO] - Đã lưu xong file data/processed/48.2026.TT.BCA.txt vào data/cleaned!
2026-07-17 10:55:10,884 - [INFO] - processing 53.2022.ND.CP.txt ...
2026-07-17 10:55:10,905 - [INFO] - Đã lưu xong file data/processed/53.2022.ND.CP.txt vào data/cleaned!
2026-07-17 10:55:10,905 - [INFO] - processing 60.2026.QĐ-UBND.txt ...
2026-07-17 10:55:10,906 - [INFO] - Đã lưu xong file data/processed/60.2026.QĐ-UBND.txt vào data/cleaned!
2026-07-17 10:55:10,906 - [INFO] - processing Chi thi so 24 - 2003 - CT-UB.txt ...
2026-07-17 10:55:10,908 - [INFO] - Đã lưu xong file data/processed/Chi thi so 24 - 2003 - CT-UB.txt vào data/cleaned!
2026-07-17 10:55:10,908 - [INFO] - processing QUYET DINH QUY CHE QUAN LY KHAI THAC AN  NINH MANG (BAN HANH).txt ...
2026-07-17 10:55:10,924 - [INFO] - Đã lưu xong file data/processed/QUYET DINH QUY CHE QUAN LY KHAI THAC AN  NINH MANG (BAN HANH).txt vào data/cleaned!
2026-07-17 10:55:10,924 - [INFO] - processing VanBanGoc_02_2026_QD-UBND_08012026-signed_01.txt ...
2026-07-17 10:55:10,936 - [INFO] - Đã lưu xong file data/processed/VanBanGoc_02_2026_QD-UBND_08012026-signed_01.txt vào data/cleaned!
2026-07-17 10:55:10,937 - [INFO] - processing VanBanGoc_773.2025.NQ.HĐND.1.txt ...
2026-07-17 10:55:10,938 - [INFO] - Đã lưu xong file data/processed/VanBanGoc_773.2025.NQ.HĐND.1.txt vào data/cleaned!
2026-07-17 10:55:10,938 - [INFO] - processing VanBanGoc_File ky 29 1 QD ban hanh Quy che An ninh mang nxhai 30010844 docx signed.signed.signed.signed.signed.txt ...
2026-07-17 10:55:10,949 - [INFO] - Đã lưu xong file data/processed/VanBanGoc_File ky 29 1 QD ban hanh Quy che An ninh mang nxhai 30010844 docx signed.signed.signed.signed.signed.txt vào data/cleaned!
2026-07-17 10:55:10,949 - [INFO] - processing VanBanGoc_QD 40.2025 QC AN NINH MẠNG.txt ...
2026-07-17 10:55:10,965 - [INFO] - Đã lưu xong file data/processed/VanBanGoc_QD 40.2025 QC AN NINH MẠNG.txt vào data/cleaned!
2026-07-17 10:55:10,965 - [INFO] - processing qd-33-2023.txt ...
2026-07-17 10:55:10,971 - [INFO] - Đã lưu xong file data/processed/qd-33-2023.txt vào data/cleaned!
2026-07-17 15:02:32,251 - [INFO] - ==================== START LOGGING ====================
2026-07-17 15:02:32,304 - [INFO] - Đã tạo 116.2025.QH15_clean.jsonl với 49 chunk.
2026-07-17 15:02:32,308 - [INFO] - Đã tạo 179_2025_ND-CP_663165_clean.jsonl với 8 chunk.
2026-07-17 15:02:32,310 - [INFO] - Đã tạo 24. NQ_hỗ trợ người làm công tác chuyển đổi số (trình ký)_clean.jsonl với 7 chunk.
2026-07-17 15:02:32,337 - [INFO] - Đã tạo 24.2018.QH14. Luat An ninh mang_clean.jsonl với 43 chunk.
2026-07-17 15:02:32,340 - [INFO] - Đã tạo 48.2026.TT.BCA_clean.jsonl với 3 chunk.
2026-07-17 15:02:32,382 - [INFO] - Đã tạo 53.2022.ND.CP_clean.jsonl với 32 chunk.
2026-07-17 15:02:32,383 - [INFO] - Đã tạo 60.2026.QĐ-UBND_clean.jsonl với 3 chunk.
2026-07-17 15:02:32,385 - [WARNING] - Không tìm thấy Điều trong file Chi thi so 24 - 2003 - CT-UB_clean.txt, dùng fallback theo đoạn.
2026-07-17 15:02:32,390 - [INFO] - Đã tạo Chi thi so 24 - 2003 - CT-UB_clean.jsonl với 2 chunk.
2026-07-17 15:02:32,411 - [INFO] - Đã tạo QUYET DINH QUY CHE QUAN LY KHAI THAC AN  NINH MANG (BAN HANH)_clean.jsonl với 31 chunk.
2026-07-17 15:02:32,425 - [INFO] - Đã tạo VanBanGoc_02_2026_QD-UBND_08012026-signed_01_clean.jsonl với 35 chunk.
2026-07-17 15:02:32,426 - [INFO] - Đã tạo VanBanGoc_773.2025.NQ.HĐND.1_clean.jsonl với 3 chunk.
2026-07-17 15:02:32,428 - [INFO] - Đã tạo VanBanGoc_File ky 29 1 QD ban hanh Quy che An ninh mang nxhai 30010844 docx signed.signed.signed.signed.signed_clean.jsonl với 3 chunk.
2026-07-17 15:02:32,429 - [INFO] - Đã tạo VanBanGoc_QD 40.2025 QC AN NINH MẠNG_clean.jsonl với 3 chunk.
2026-07-17 15:02:32,439 - [INFO] - Đã tạo qd-33-2023_clean.jsonl với 17 chunk.
2026-07-17 15:09:55,385 - [INFO] - ==================== START LOGGING ====================
2026-07-17 15:09:55,433 - [INFO] - Đã tạo 116.2025.QH15_clean.jsonl với 49 chunk.
2026-07-17 15:09:55,436 - [INFO] - Đã tạo 179_2025_ND-CP_663165_clean.jsonl với 8 chunk.
2026-07-17 15:09:55,438 - [INFO] - Đã tạo 24. NQ_hỗ trợ người làm công tác chuyển đổi số (trình ký)_clean.jsonl với 7 chunk.
2026-07-17 15:09:55,462 - [INFO] - Đã tạo 24.2018.QH14. Luat An ninh mang_clean.jsonl với 43 chunk.
2026-07-17 15:09:55,464 - [INFO] - Đã tạo 48.2026.TT.BCA_clean.jsonl với 3 chunk.
2026-07-17 15:09:55,499 - [INFO] - Đã tạo 53.2022.ND.CP_clean.jsonl với 32 chunk.
2026-07-17 15:09:55,501 - [INFO] - Đã tạo 60.2026.QĐ-UBND_clean.jsonl với 3 chunk.
2026-07-17 15:09:55,502 - [WARNING] - Không tìm thấy Điều trong file Chi thi so 24 - 2003 - CT-UB_clean.txt, dùng fallback theo đoạn.
2026-07-17 15:09:55,507 - [INFO] - Đã tạo Chi thi so 24 - 2003 - CT-UB_clean.jsonl với 2 chunk.
2026-07-17 15:09:55,522 - [INFO] - Đã tạo QUYET DINH QUY CHE QUAN LY KHAI THAC AN  NINH MANG (BAN HANH)_clean.jsonl với 31 chunk.
2026-07-17 15:09:55,534 - [INFO] - Đã tạo VanBanGoc_02_2026_QD-UBND_08012026-signed_01_clean.jsonl với 35 chunk.
2026-07-17 15:09:55,535 - [INFO] - Đã tạo VanBanGoc_773.2025.NQ.HĐND.1_clean.jsonl với 3 chunk.
2026-07-17 15:09:55,536 - [INFO] - Đã tạo VanBanGoc_File ky 29 1 QD ban hanh Quy che An ninh mang nxhai 30010844 docx signed.signed.signed.signed.signed_clean.jsonl với 3 chunk.
2026-07-17 15:09:55,537 - [INFO] - Đã tạo VanBanGoc_QD 40.2025 QC AN NINH MẠNG_clean.jsonl với 3 chunk.
2026-07-17 15:09:55,547 - [INFO] - Đã tạo qd-33-2023_clean.jsonl với 17 chunk.
2026-07-17 15:32:05,909 - [INFO] - ==================== START LOGGING ====================
2026-07-17 15:32:05,957 - [INFO] - Đã tạo 116.2025.QH15_clean.jsonl với 49 chunk.
2026-07-17 15:32:05,961 - [INFO] - Đã tạo 179_2025_ND-CP_663165_clean.jsonl với 8 chunk.
2026-07-17 15:32:05,964 - [INFO] - Đã tạo 24. NQ_hỗ trợ người làm công tác chuyển đổi số (trình ký)_clean.jsonl với 7 chunk.
2026-07-17 15:32:05,992 - [INFO] - Đã tạo 24.2018.QH14. Luat An ninh mang_clean.jsonl với 43 chunk.
2026-07-17 15:32:05,993 - [INFO] - Đã tạo 48.2026.TT.BCA_clean.jsonl với 3 chunk.
2026-07-17 15:32:06,031 - [INFO] - Đã tạo 53.2022.ND.CP_clean.jsonl với 32 chunk.
2026-07-17 15:32:06,034 - [INFO] - Đã tạo 60.2026.QĐ-UBND_clean.jsonl với 3 chunk.
2026-07-17 15:32:06,036 - [WARNING] - Không tìm thấy Điều trong file Chi thi so 24 - 2003 - CT-UB_clean.txt, dùng fallback theo đoạn.
2026-07-17 15:32:06,042 - [INFO] - Đã tạo Chi thi so 24 - 2003 - CT-UB_clean.jsonl với 2 chunk.
2026-07-17 15:32:06,057 - [INFO] - Đã tạo QUYET DINH QUY CHE QUAN LY KHAI THAC AN  NINH MANG (BAN HANH)_clean.jsonl với 31 chunk.
2026-07-17 15:32:06,069 - [INFO] - Đã tạo VanBanGoc_02_2026_QD-UBND_08012026-signed_01_clean.jsonl với 35 chunk.
2026-07-17 15:32:06,071 - [INFO] - Đã tạo VanBanGoc_773.2025.NQ.HĐND.1_clean.jsonl với 3 chunk.
2026-07-17 15:32:06,072 - [INFO] - Đã tạo VanBanGoc_File ky 29 1 QD ban hanh Quy che An ninh mang nxhai 30010844 docx signed.signed.signed.signed.signed_clean.jsonl với 3 chunk.
2026-07-17 15:32:06,073 - [INFO] - Đã tạo VanBanGoc_QD 40.2025 QC AN NINH MẠNG_clean.jsonl với 3 chunk.
2026-07-17 15:32:06,083 - [INFO] - Đã tạo qd-33-2023_clean.jsonl với 17 chunk.
2026-07-17 15:59:16,376 - [INFO] - ==================== START LOGGING ====================
2026-07-17 15:59:16,575 - [INFO] - Đã tạo 116.2025.QH15_clean.jsonl với 49 chunk.
2026-07-17 15:59:16,583 - [INFO] - Đã tạo 179_2025_ND-CP_663165_clean.jsonl với 8 chunk.
2026-07-17 15:59:16,591 - [INFO] - Đã tạo 24. NQ_hỗ trợ người làm công tác chuyển đổi số (trình ký)_clean.jsonl với 7 chunk.
2026-07-17 15:59:16,711 - [INFO] - Đã tạo 24.2018.QH14. Luat An ninh mang_clean.jsonl với 43 chunk.
2026-07-17 15:59:16,714 - [INFO] - Đã tạo 48.2026.TT.BCA_clean.jsonl với 3 chunk.
2026-07-17 15:59:16,816 - [INFO] - Đã tạo 53.2022.ND.CP_clean.jsonl với 32 chunk.
2026-07-17 15:59:16,819 - [INFO] - Đã tạo 60.2026.QĐ-UBND_clean.jsonl với 3 chunk.
2026-07-17 15:59:16,821 - [WARNING] - Không tìm thấy Điều trong file Chi thi so 24 - 2003 - CT-UB_clean.txt, dùng fallback theo đoạn.
2026-07-17 15:59:16,832 - [INFO] - Đã tạo Chi thi so 24 - 2003 - CT-UB_clean.jsonl với 2 chunk.
2026-07-17 15:59:16,914 - [INFO] - Đã tạo QUYET DINH QUY CHE QUAN LY KHAI THAC AN  NINH MANG (BAN HANH)_clean.jsonl với 31 chunk.
2026-07-17 15:59:16,983 - [INFO] - Đã tạo VanBanGoc_02_2026_QD-UBND_08012026-signed_01_clean.jsonl với 35 chunk.
2026-07-17 15:59:16,986 - [INFO] - Đã tạo VanBanGoc_773.2025.NQ.HĐND.1_clean.jsonl với 3 chunk.
2026-07-17 15:59:16,989 - [INFO] - Đã tạo VanBanGoc_File ky 29 1 QD ban hanh Quy che An ninh mang nxhai 30010844 docx signed.signed.signed.signed.signed_clean.jsonl với 3 chunk.
2026-07-17 15:59:16,991 - [INFO] - Đã tạo VanBanGoc_QD 40.2025 QC AN NINH MẠNG_clean.jsonl với 3 chunk.
2026-07-17 15:59:17,015 - [INFO] - Đã tạo qd-33-2023_clean.jsonl với 17 chunk.
2026-07-17 16:16:23,724 - [INFO] - ==================== START LOGGING ====================
2026-07-17 16:16:23,804 - [INFO] - Đã tạo 116.2025.QH15_clean.jsonl với 49 chunk.
2026-07-17 16:16:23,809 - [INFO] - Đã tạo 179_2025_ND-CP_663165_clean.jsonl với 8 chunk.
2026-07-17 16:16:23,813 - [INFO] - Đã tạo 24. NQ_hỗ trợ người làm công tác chuyển đổi số (trình ký)_clean.jsonl với 7 chunk.
2026-07-17 16:16:23,845 - [INFO] - Đã tạo 24.2018.QH14. Luat An ninh mang_clean.jsonl với 43 chunk.
2026-07-17 16:16:23,848 - [INFO] - Đã tạo 48.2026.TT.BCA_clean.jsonl với 3 chunk.
2026-07-17 16:16:23,888 - [INFO] - Đã tạo 53.2022.ND.CP_clean.jsonl với 32 chunk.
2026-07-17 16:16:23,890 - [INFO] - Đã tạo 60.2026.QĐ-UBND_clean.jsonl với 3 chunk.
2026-07-17 16:16:23,892 - [WARNING] - Không tìm thấy Điều trong file Chi thi so 24 - 2003 - CT-UB_clean.txt, dùng fallback theo đoạn.
2026-07-17 16:16:23,897 - [INFO] - Đã tạo Chi thi so 24 - 2003 - CT-UB_clean.jsonl với 2 chunk.
2026-07-17 16:16:23,919 - [INFO] - Đã tạo QUYET DINH QUY CHE QUAN LY KHAI THAC AN  NINH MANG (BAN HANH)_clean.jsonl với 31 chunk.
2026-07-17 16:16:23,938 - [INFO] - Đã tạo VanBanGoc_02_2026_QD-UBND_08012026-signed_01_clean.jsonl với 35 chunk.
2026-07-17 16:16:23,940 - [INFO] - Đã tạo VanBanGoc_773.2025.NQ.HĐND.1_clean.jsonl với 3 chunk.
2026-07-17 16:16:23,943 - [INFO] - Đã tạo VanBanGoc_File ky 29 1 QD ban hanh Quy che An ninh mang nxhai 30010844 docx signed.signed.signed.signed.signed_clean.jsonl với 3 chunk.
2026-07-17 16:16:23,945 - [INFO] - Đã tạo VanBanGoc_QD 40.2025 QC AN NINH MẠNG_clean.jsonl với 3 chunk.
2026-07-17 16:16:23,957 - [INFO] - Đã tạo qd-33-2023_clean.jsonl với 17 chunk.
2026-07-17 17:27:16,783 - [INFO] - ==================== START LOGGING ====================
2026-07-17 17:27:16,784 - [INFO] - Đã lấy tất cả các file từ data/raw - có 14 file tất cả!!
2026-07-17 17:27:18,079 - [ERROR] - Khong tim thay file sau khi chuyen doi: /tmp/tmpxpsaerus/179_2025_ND-CP_663165.docx
2026-07-17 17:28:55,190 - [INFO] - ==================== START LOGGING ====================
2026-07-17 17:28:55,191 - [INFO] - Đã lấy tất cả các file từ data/raw - có 14 file tất cả!!
2026-07-17 17:28:55,993 - [ERROR] - Khong tim thay file sau khi chuyen doi: /tmp/tmp4etpzd8l/179_2025_ND-CP_663165.docx
2026-07-17 17:30:32,941 - [INFO] - ==================== START LOGGING ====================
2026-07-17 17:30:32,941 - [INFO] - Đã lấy tất cả các file từ data/raw - có 14 file tất cả!!
2026-07-17 17:30:34,788 - [INFO] - Đã đọc xong file /tmp/tmpahk9dsa6/179_2025_ND-CP_663165.docx
2026-07-17 17:30:34,858 - [INFO] - Đã đọc xong file data/raw/24. NQ_hỗ trợ người làm công tác chuyển đổi số (trình ký).docx
2026-07-17 17:31:11,205 - [INFO] - ==================== START LOGGING ====================
2026-07-17 17:31:11,206 - [INFO] - Đã lấy tất cả các file từ data/raw - có 14 file tất cả!!
2026-07-17 17:31:11,434 - [INFO] - Đã đọc xong file data/raw/VanBanGoc_02_2026_QD-UBND_08012026-signed_01.pdf
2026-07-17 17:31:11,437 - [INFO] - Đã lưu file: data/processed/VanBanGoc_02_2026_QD-UBND_08012026-signed_01.txt
2026-07-17 17:31:12,912 - [INFO] - Đã đọc xong file /tmp/tmp1wgsua0d/60.2026.QĐ-UBND.docx
2026-07-17 17:31:12,913 - [INFO] - Đã lưu file: data/processed/60.2026.QĐ-UBND.txt
2026-07-17 17:31:12,984 - [INFO] - Đã đọc xong file data/raw/qd-33-2023.docx
2026-07-17 17:31:12,984 - [INFO] - Đã lưu file: data/processed/qd-33-2023.txt
2026-07-17 17:31:13,011 - [INFO] - Đã đọc xong file data/raw/48.2026.TT.BCA.docx
2026-07-17 17:31:13,011 - [INFO] - Đã lưu file: data/processed/48.2026.TT.BCA.txt
2026-07-17 17:31:13,049 - [INFO] - Đã đọc xong file data/raw/VanBanGoc_773.2025.NQ.HĐND.1.pdf
2026-07-17 17:31:13,050 - [INFO] - Đã lưu file: data/processed/VanBanGoc_773.2025.NQ.HĐND.1.txt
2026-07-17 17:31:14,839 - [INFO] - Đã đọc xong file /tmp/tmpf8paga_u/24.2018.QH14. Luat An ninh mang.docx
2026-07-17 17:31:14,840 - [INFO] - Đã lưu file: data/processed/24.2018.QH14. Luat An ninh mang.txt
2026-07-17 17:31:14,900 - [INFO] - Đã đọc xong file data/raw/QUYET DINH QUY CHE QUAN LY KHAI THAC AN  NINH MANG (BAN HANH).docx
2026-07-17 17:31:14,901 - [INFO] - Đã lưu file: data/processed/QUYET DINH QUY CHE QUAN LY KHAI THAC AN  NINH MANG (BAN HANH).txt
2026-07-17 17:31:14,972 - [INFO] - Đã đọc xong file data/raw/24. NQ_hỗ trợ người làm công tác chuyển đổi số (trình ký).docx
2026-07-17 17:31:14,972 - [INFO] - Đã lưu file: data/processed/24. NQ_hỗ trợ người làm công tác chuyển đổi số (trình ký).txt
2026-07-17 17:31:16,336 - [INFO] - Đã đọc xong file /tmp/tmpbiwacd07/179_2025_ND-CP_663165.docx
2026-07-17 17:31:16,340 - [INFO] - Đã lưu file: data/processed/179_2025_ND-CP_663165.txt
2026-07-17 17:31:18,352 - [INFO] - Đã đọc xong file /tmp/tmp0wjo4knv/53.2022.ND.CP.docx
2026-07-17 17:31:18,356 - [INFO] - Đã lưu file: data/processed/53.2022.ND.CP.txt
2026-07-17 17:31:18,550 - [INFO] - Đã đọc xong file data/raw/116.2025.QH15.docx
2026-07-17 17:31:18,556 - [INFO] - Đã lưu file: data/processed/116.2025.QH15.txt
2026-07-17 17:31:20,231 - [INFO] - Đã đọc xong file /tmp/tmpw5y07cyo/Chi thi so 24 - 2003 - CT-UB.docx
2026-07-17 17:31:20,232 - [INFO] - Đã lưu file: data/processed/Chi thi so 24 - 2003 - CT-UB.txt
2026-07-17 17:31:20,521 - [INFO] - Đã đọc xong file data/raw/VanBanGoc_QD 40.2025 QC AN NINH MẠNG.pdf
2026-07-17 17:31:20,524 - [INFO] - Đã lưu file: data/processed/VanBanGoc_QD 40.2025 QC AN NINH MẠNG.txt
2026-07-17 17:31:20,785 - [INFO] - Đã đọc xong file data/raw/VanBanGoc_File ky 29 1 QD ban hanh Quy che An ninh mang nxhai 30010844 docx signed.signed.signed.signed.signed.pdf
2026-07-17 17:31:20,787 - [INFO] - Đã lưu file: data/processed/VanBanGoc_File ky 29 1 QD ban hanh Quy che An ninh mang nxhai 30010844 docx signed.signed.signed.signed.signed.txt
2026-07-17 17:31:20,787 - [INFO] - DONE! Đã xử lý 14 file.
2026-07-17 17:33:54,308 - [INFO] - ==================== START LOGGING ====================
2026-07-17 17:33:54,309 - [INFO] - Tìm thấy 14 files từ data/processed!
2026-07-17 17:33:54,324 - [INFO] - processing 116.2025.QH15.txt ...
2026-07-17 17:33:54,346 - [INFO] - Đã lưu xong file data/processed/116.2025.QH15.txt vào data/cleaned!
2026-07-17 17:33:54,347 - [INFO] - processing 179_2025_ND-CP_663165.txt ...
2026-07-17 17:33:54,348 - [INFO] - Đã lưu xong file data/processed/179_2025_ND-CP_663165.txt vào data/cleaned!
2026-07-17 17:33:54,349 - [INFO] - processing 24. NQ_hỗ trợ người làm công tác chuyển đổi số (trình ký).txt ...
2026-07-17 17:33:54,350 - [INFO] - Đã lưu xong file data/processed/24. NQ_hỗ trợ người làm công tác chuyển đổi số (trình ký).txt vào data/cleaned!
2026-07-17 17:33:54,350 - [INFO] - processing 24.2018.QH14. Luat An ninh mang.txt ...
2026-07-17 17:33:54,364 - [INFO] - Đã lưu xong file data/processed/24.2018.QH14. Luat An ninh mang.txt vào data/cleaned!
2026-07-17 17:33:54,365 - [INFO] - processing 48.2026.TT.BCA.txt ...
2026-07-17 17:33:54,366 - [INFO] - Đã lưu xong file data/processed/48.2026.TT.BCA.txt vào data/cleaned!
2026-07-17 17:33:54,366 - [INFO] - processing 53.2022.ND.CP.txt ...
2026-07-17 17:33:54,386 - [INFO] - Đã lưu xong file data/processed/53.2022.ND.CP.txt vào data/cleaned!
2026-07-17 17:33:54,386 - [INFO] - processing 60.2026.QĐ-UBND.txt ...
2026-07-17 17:33:54,387 - [INFO] - Đã lưu xong file data/processed/60.2026.QĐ-UBND.txt vào data/cleaned!
2026-07-17 17:33:54,387 - [INFO] - processing Chi thi so 24 - 2003 - CT-UB.txt ...
2026-07-17 17:33:54,389 - [INFO] - Đã lưu xong file data/processed/Chi thi so 24 - 2003 - CT-UB.txt vào data/cleaned!
2026-07-17 17:33:54,389 - [INFO] - processing QUYET DINH QUY CHE QUAN LY KHAI THAC AN  NINH MANG (BAN HANH).txt ...
2026-07-17 17:33:54,403 - [INFO] - Đã lưu xong file data/processed/QUYET DINH QUY CHE QUAN LY KHAI THAC AN  NINH MANG (BAN HANH).txt vào data/cleaned!
2026-07-17 17:33:54,403 - [INFO] - processing VanBanGoc_02_2026_QD-UBND_08012026-signed_01.txt ...
2026-07-17 17:33:54,414 - [INFO] - Đã lưu xong file data/processed/VanBanGoc_02_2026_QD-UBND_08012026-signed_01.txt vào data/cleaned!
2026-07-17 17:33:54,414 - [INFO] - processing VanBanGoc_773.2025.NQ.HĐND.1.txt ...
2026-07-17 17:33:54,415 - [INFO] - Đã lưu xong file data/processed/VanBanGoc_773.2025.NQ.HĐND.1.txt vào data/cleaned!
2026-07-17 17:33:54,415 - [INFO] - processing VanBanGoc_File ky 29 1 QD ban hanh Quy che An ninh mang nxhai 30010844 docx signed.signed.signed.signed.signed.txt ...
2026-07-17 17:33:54,426 - [INFO] - Đã lưu xong file data/processed/VanBanGoc_File ky 29 1 QD ban hanh Quy che An ninh mang nxhai 30010844 docx signed.signed.signed.signed.signed.txt vào data/cleaned!
2026-07-17 17:33:54,426 - [INFO] - processing VanBanGoc_QD 40.2025 QC AN NINH MẠNG.txt ...
2026-07-17 17:33:54,443 - [INFO] - Đã lưu xong file data/processed/VanBanGoc_QD 40.2025 QC AN NINH MẠNG.txt vào data/cleaned!
2026-07-17 17:33:54,444 - [INFO] - processing qd-33-2023.txt ...
2026-07-17 17:33:54,450 - [INFO] - Đã lưu xong file data/processed/qd-33-2023.txt vào data/cleaned!
2026-07-17 22:50:49,855 - [INFO] - ==================== START LOGGING ====================
2026-07-17 22:50:49,917 - [INFO] - Đã tạo 116.2025.QH15_clean.jsonl với 49 chunk.
2026-07-17 22:50:49,923 - [INFO] - Đã tạo 179_2025_ND-CP_663165_clean.jsonl với 8 chunk.
2026-07-17 22:50:49,927 - [INFO] - Đã tạo 24. NQ_hỗ trợ người làm công tác chuyển đổi số (trình ký)_clean.jsonl với 7 chunk.
2026-07-17 22:50:49,956 - [INFO] - Đã tạo 24.2018.QH14. Luat An ninh mang_clean.jsonl với 43 chunk.
2026-07-17 22:50:49,959 - [INFO] - Đã tạo 48.2026.TT.BCA_clean.jsonl với 3 chunk.
2026-07-17 22:50:49,989 - [INFO] - Đã tạo 53.2022.ND.CP_clean.jsonl với 30 chunk.
2026-07-17 22:50:49,992 - [INFO] - Đã tạo 60.2026.QĐ-UBND_clean.jsonl với 3 chunk.
2026-07-17 22:50:49,993 - [WARNING] - Không tìm thấy Điều trong file Chi thi so 24 - 2003 - CT-UB_clean.txt, dùng fallback theo đoạn.
2026-07-17 22:50:50,000 - [INFO] - Đã tạo Chi thi so 24 - 2003 - CT-UB_clean.jsonl với 2 chunk.
2026-07-17 22:50:50,002 - [INFO] - Đã tạo QUYET DINH QUY CHE QUAN LY KHAI THAC AN  NINH MANG (BAN HANH)_clean.jsonl với 3 chunk.
2026-07-17 22:50:50,025 - [INFO] - Đã tạo VanBanGoc_02_2026_QD-UBND_08012026-signed_01_clean.jsonl với 35 chunk.
2026-07-17 22:50:50,027 - [INFO] - Đã tạo VanBanGoc_773.2025.NQ.HĐND.1_clean.jsonl với 3 chunk.
2026-07-17 22:50:50,029 - [INFO] - Đã tạo VanBanGoc_File ky 29 1 QD ban hanh Quy che An ninh mang nxhai 30010844 docx signed.signed.signed.signed.signed_clean.jsonl với 3 chunk.
2026-07-17 22:50:50,030 - [INFO] - Đã tạo VanBanGoc_QD 40.2025 QC AN NINH MẠNG_clean.jsonl với 3 chunk.
2026-07-17 22:50:50,043 - [INFO] - Đã tạo qd-33-2023_clean.jsonl với 17 chunk.
2026-07-17 23:00:57,842 - [INFO] - ==================== START LOGGING ====================
2026-07-17 23:00:57,906 - [INFO] - Đã tạo 116.2025.QH15_clean.jsonl với 49 chunk.
2026-07-17 23:00:57,910 - [INFO] - Đã tạo 179_2025_ND-CP_663165_clean.jsonl với 8 chunk.
2026-07-17 23:00:57,913 - [INFO] - Đã tạo 24. NQ_hỗ trợ người làm công tác chuyển đổi số (trình ký)_clean.jsonl với 7 chunk.
2026-07-17 23:00:57,946 - [INFO] - Đã tạo 24.2018.QH14. Luat An ninh mang_clean.jsonl với 43 chunk.
2026-07-17 23:00:57,950 - [INFO] - Đã tạo 48.2026.TT.BCA_clean.jsonl với 3 chunk.
2026-07-17 23:00:57,983 - [INFO] - Đã tạo 53.2022.ND.CP_clean.jsonl với 30 chunk.
2026-07-17 23:00:57,985 - [INFO] - Đã tạo 60.2026.QĐ-UBND_clean.jsonl với 3 chunk.
2026-07-17 23:00:57,987 - [WARNING] - Không tìm thấy Điều trong file Chi thi so 24 - 2003 - CT-UB_clean.txt, dùng fallback theo đoạn.
2026-07-17 23:00:57,994 - [INFO] - Đã tạo Chi thi so 24 - 2003 - CT-UB_clean.jsonl với 2 chunk.
2026-07-17 23:00:57,996 - [INFO] - Đã tạo QUYET DINH QUY CHE QUAN LY KHAI THAC AN  NINH MANG (BAN HANH)_clean.jsonl với 3 chunk.
2026-07-17 23:00:58,016 - [INFO] - Đã tạo VanBanGoc_02_2026_QD-UBND_08012026-signed_01_clean.jsonl với 35 chunk.
2026-07-17 23:00:58,019 - [INFO] - Đã tạo VanBanGoc_773.2025.NQ.HĐND.1_clean.jsonl với 3 chunk.
2026-07-17 23:00:58,021 - [INFO] - Đã tạo VanBanGoc_File ky 29 1 QD ban hanh Quy che An ninh mang nxhai 30010844 docx signed.signed.signed.signed.signed_clean.jsonl với 3 chunk.
2026-07-17 23:00:58,022 - [INFO] - Đã tạo VanBanGoc_QD 40.2025 QC AN NINH MẠNG_clean.jsonl với 3 chunk.
2026-07-17 23:00:58,035 - [INFO] - Đã tạo qd-33-2023_clean.jsonl với 17 chunk.
2026-07-17 23:02:38,493 - [INFO] - ==================== START LOGGING ====================
2026-07-17 23:02:38,573 - [INFO] - Đã tạo 116.2025.QH15_clean.jsonl với 49 chunk.
2026-07-17 23:02:38,578 - [INFO] - Đã tạo 179_2025_ND-CP_663165_clean.jsonl với 8 chunk.
2026-07-17 23:02:38,581 - [INFO] - Đã tạo 24. NQ_hỗ trợ người làm công tác chuyển đổi số (trình ký)_clean.jsonl với 7 chunk.
2026-07-17 23:02:38,612 - [INFO] - Đã tạo 24.2018.QH14. Luat An ninh mang_clean.jsonl với 43 chunk.
2026-07-17 23:02:38,616 - [INFO] - Đã tạo 48.2026.TT.BCA_clean.jsonl với 3 chunk.
2026-07-17 23:02:38,648 - [INFO] - Đã tạo 53.2022.ND.CP_clean.jsonl với 30 chunk.
2026-07-17 23:02:38,651 - [INFO] - Đã tạo 60.2026.QĐ-UBND_clean.jsonl với 3 chunk.
2026-07-17 23:02:38,653 - [WARNING] - Không tìm thấy Điều trong file Chi thi so 24 - 2003 - CT-UB_clean.txt, dùng fallback theo đoạn.
2026-07-17 23:02:38,658 - [INFO] - Đã tạo Chi thi so 24 - 2003 - CT-UB_clean.jsonl với 2 chunk.
2026-07-17 23:02:38,660 - [INFO] - Đã tạo QUYET DINH QUY CHE QUAN LY KHAI THAC AN  NINH MANG (BAN HANH)_clean.jsonl với 3 chunk.
2026-07-17 23:02:38,689 - [INFO] - Đã tạo VanBanGoc_02_2026_QD-UBND_08012026-signed_01_clean.jsonl với 35 chunk.
2026-07-17 23:02:38,691 - [INFO] - Đã tạo VanBanGoc_773.2025.NQ.HĐND.1_clean.jsonl với 3 chunk.
2026-07-17 23:02:38,693 - [INFO] - Đã tạo VanBanGoc_File ky 29 1 QD ban hanh Quy che An ninh mang nxhai 30010844 docx signed.signed.signed.signed.signed_clean.jsonl với 3 chunk.
2026-07-17 23:02:38,696 - [INFO] - Đã tạo VanBanGoc_QD 40.2025 QC AN NINH MẠNG_clean.jsonl với 3 chunk.
2026-07-17 23:02:38,708 - [INFO] - Đã tạo qd-33-2023_clean.jsonl với 17 chunk.
2026-07-17 23:02:52,382 - [INFO] - ==================== START LOGGING ====================
2026-07-17 23:02:52,397 - [INFO] - Đã tạo qd-33-2023_clean.jsonl với 17 chunk.
2026-07-17 23:03:18,870 - [INFO] - ==================== START LOGGING ====================
2026-07-17 23:03:18,933 - [INFO] - Đã tạo 116.2025.QH15_clean.jsonl với 49 chunk.
2026-07-17 23:03:18,937 - [INFO] - Đã tạo 179_2025_ND-CP_663165_clean.jsonl với 8 chunk.
2026-07-17 23:03:18,941 - [INFO] - Đã tạo 24. NQ_hỗ trợ người làm công tác chuyển đổi số (trình ký)_clean.jsonl với 7 chunk.
2026-07-17 23:03:18,976 - [INFO] - Đã tạo 24.2018.QH14. Luat An ninh mang_clean.jsonl với 43 chunk.
2026-07-17 23:03:18,981 - [INFO] - Đã tạo 48.2026.TT.BCA_clean.jsonl với 3 chunk.
2026-07-17 23:03:19,010 - [INFO] - Đã tạo 53.2022.ND.CP_clean.jsonl với 30 chunk.
2026-07-17 23:03:19,013 - [INFO] - Đã tạo 60.2026.QĐ-UBND_clean.jsonl với 3 chunk.
2026-07-17 23:03:19,015 - [WARNING] - Không tìm thấy Điều trong file Chi thi so 24 - 2003 - CT-UB_clean.txt, dùng fallback theo đoạn.
2026-07-17 23:03:19,022 - [INFO] - Đã tạo Chi thi so 24 - 2003 - CT-UB_clean.jsonl với 2 chunk.
2026-07-17 23:03:19,024 - [INFO] - Đã tạo QUYET DINH QUY CHE QUAN LY KHAI THAC AN  NINH MANG (BAN HANH)_clean.jsonl với 3 chunk.
2026-07-17 23:03:19,043 - [INFO] - Đã tạo VanBanGoc_02_2026_QD-UBND_08012026-signed_01_clean.jsonl với 35 chunk.
2026-07-17 23:03:19,046 - [INFO] - Đã tạo VanBanGoc_773.2025.NQ.HĐND.1_clean.jsonl với 3 chunk.
2026-07-17 23:03:19,048 - [INFO] - Đã tạo VanBanGoc_File ky 29 1 QD ban hanh Quy che An ninh mang nxhai 30010844 docx signed.signed.signed.signed.signed_clean.jsonl với 3 chunk.
2026-07-17 23:03:19,050 - [INFO] - Đã tạo VanBanGoc_QD 40.2025 QC AN NINH MẠNG_clean.jsonl với 3 chunk.
2026-07-17 23:03:19,063 - [INFO] - Đã tạo qd-33-2023_clean.jsonl với 17 chunk.
